<?xml version="1.0" encoding="UTF-8"?>
<!-- Generated by org.testng.reporters.JUnitReportReporter -->
<testsuite hostname="DESKTOP-EFRDOCF" failures="0" tests="2" name="TC.TC_03_AmountFunction" time="1.233" errors="0" timestamp="2022-09-09T16:00:05 IST" skipped="0">
  <testcase classname="TC.TC_03_AmountFunction" name="amountFunction" time="0.194"/>
  <system-out/>
  <testcase classname="TC.TC_03_AmountFunction" name="loginFunction" time="1.039"/>
  <system-out/>
</testsuite> <!-- TC.TC_03_AmountFunction -->
