<?xml version="1.0" encoding="UTF-8"?>
<!-- Generated by org.testng.reporters.JUnitReportReporter -->
<testsuite hostname="DESKTOP-EFRDOCF" failures="0" tests="1" name="TC.TC_02_LoginFunction" time="0.958" errors="0" timestamp="2022-09-09T15:17:29 IST" skipped="0">
  <testcase classname="TC.TC_02_LoginFunction" name="loginFunction" time="0.958"/>
  <system-out/>
</testsuite> <!-- TC.TC_02_LoginFunction -->
