<?xml version="1.0" encoding="UTF-8"?>
<!-- Generated by org.testng.reporters.JUnitReportReporter -->
<testsuite hostname="DESKTOP-EFRDOCF" failures="0" tests="1" name="TC.TC_01_LunckingWebSite" time="0.028" errors="0" timestamp="2022-09-09T17:54:55 IST" skipped="0">
  <testcase classname="TC.TC_01_LunckingWebSite" name="lunckingWebSite" time="0.028"/>
  <system-out/>
</testsuite> <!-- TC.TC_01_LunckingWebSite -->
